<?xml version="1.0" encoding="UTF-8"?>
<testsuite xmlns:xsi="http://www.w3.org/2001/XMLSchema-instance" xsi:noNamespaceSchemaLocation="https://maven.apache.org/surefire/maven-surefire-plugin/xsd/surefire-test-report.xsd" name="TaskTest" time="63.936" tests="4" errors="0" skipped="0" failures="0">
  <properties>
[...]
</properties>
  <testcase name="testeCriarTarefaSemData" classname="TaskTest" time="63.087"/>
  <testcase name="testeCriarTarefaSemData2" classname="TaskTest" time="48.63"/>
  <testcase name="testeCriarTarefaSemData4" classname="TaskTest" time="63.936"/>
  <testcase name="testeCriarTarefaSemData3" classname="TaskTest" time="49.28"/>
</testsuite>